<?xml version="1.0" encoding="UTF-8"?>
<testng-results skipped="0" failed="0" ignored="0" total="1" passed="1">
  <reporter-output>
  </reporter-output>
  <suite name="Surefire suite" duration-ms="1862" started-at="2021-12-02T07:06:45Z" finished-at="2021-12-02T07:06:47Z">
    <groups>
    </groups>
    <test name="Surefire test" duration-ms="1862" started-at="2021-12-02T07:06:45Z" finished-at="2021-12-02T07:06:47Z">
      <class name="restapiChaining.EndToEndTest">
        <test-method status="PASS" signature="test1()[pri:0, instance:restapiChaining.EndToEndTest@35bbe5e8]" name="test1" duration-ms="1842" started-at="2021-12-02T07:06:45Z" finished-at="2021-12-02T07:06:47Z">
          <reporter-output>
          </reporter-output>
        </test-method> <!-- test1 -->
      </class> <!-- restapiChaining.EndToEndTest -->
    </test> <!-- Surefire test -->
  </suite> <!-- Surefire suite -->
</testng-results>
