<?xml version="1.0" encoding="UTF-8"?>
<testng-results skipped="0" failed="0" ignored="0" total="1" passed="1">
  <reporter-output>
  </reporter-output>
  <suite name="Default suite" duration-ms="2113" started-at="2021-12-03T04:28:42Z" finished-at="2021-12-03T04:28:44Z">
    <groups>
    </groups>
    <test name="Default test" duration-ms="2113" started-at="2021-12-03T04:28:42Z" finished-at="2021-12-03T04:28:44Z">
      <class name="oAuth.OAuthRequest">
        <test-method status="PASS" signature="PostCall()[pri:0, instance:oAuth.OAuthRequest@69b0fd6f]" name="PostCall" duration-ms="2092" started-at="2021-12-03T04:28:42Z" finished-at="2021-12-03T04:28:44Z">
          <reporter-output>
          </reporter-output>
        </test-method> <!-- PostCall -->
      </class> <!-- oAuth.OAuthRequest -->
    </test> <!-- Default test -->
  </suite> <!-- Default suite -->
</testng-results>
